#
# There is insufficient memory for the Java Runtime Environment to continue.
# Native memory allocation (malloc) failed to allocate 1048576 bytes. Error detail: AllocateHeap
# Possible reasons:
#   The system is out of physical RAM or swap space
#   This process is running with CompressedOops enabled, and the Java Heap may be blocking the growth of the native heap
# Possible solutions:
#   Reduce memory load on the system
#   Increase physical memory or swap space
#   Check if swap backing store is full
#   Decrease Java heap size (-Xmx/-Xms)
#   Decrease number of Java threads
#   Decrease Java thread stack sizes (-Xss)
#   Set larger code cache with -XX:ReservedCodeCacheSize=
#   JVM is running with Unscaled Compressed Oops mode in which the Java heap is
#     placed in the first 4GB address space. The Java Heap base address is the
#     maximum limit for the native heap growth. Please use -XX:HeapBaseMinAddress
#     to set the Java Heap base and to place the Java Heap above 4GB virtual address.
# This output file may be truncated or incomplete.
#
#  Out of Memory Error (allocation.cpp:44), pid=14704, tid=10532
#
# JRE version: OpenJDK Runtime Environment Temurin-21.0.9+10 (21.0.9+10) (build 21.0.9+10-LTS)
# Java VM: OpenJDK 64-Bit Server VM Temurin-21.0.9+10 (21.0.9+10-LTS, mixed mode, sharing, tiered, compressed oops, compressed class ptrs, parallel gc, windows-amd64)
# No core dump will be written. Minidumps are not enabled by default on client versions of Windows
#

---------------  S U M M A R Y ------------

Command Line: --add-modules=ALL-SYSTEM --add-opens=java.base/java.util=ALL-UNNAMED --add-opens=java.base/java.lang=ALL-UNNAMED --add-opens=java.base/sun.nio.fs=ALL-UNNAMED -Declipse.application=org.eclipse.jdt.ls.core.id1 -Dosgi.bundles.defaultStartLevel=4 -Declipse.product=org.eclipse.jdt.ls.core.product -Djava.import.generatesMetadataFilesAtProjectRoot=false -DDetectVMInstallationsJob.disabled=true -Dfile.encoding=utf8 -XX:+UseParallelGC -XX:GCTimeRatio=4 -XX:AdaptiveSizePolicyWeight=90 -Dsun.zip.disableMemoryMapping=true -Xmx2G -Xms100m -Xlog:disable -javaagent:c:\Users\KHIRI\.vscode\extensions\redhat.java-1.51.0-win32-x64\lombok\lombok-1.18.39-4050.jar -XX:+HeapDumpOnOutOfMemoryError -XX:HeapDumpPath=c:\Users\KHIRI\AppData\Roaming\Code\User\workspaceStorage\f4c4d2ce2ba728a5ae55cd6b2c7ee574\redhat.java -Daether.dependencyCollector.impl=bf c:\Users\KHIRI\.vscode\extensions\redhat.java-1.51.0-win32-x64\server\plugins\org.eclipse.equinox.launcher_1.7.100.v20251111-0406.jar -configuration c:\Users\KHIRI\AppData\Roaming\Code\User\globalStorage\redhat.java\1.51.0\config_win -data c:\Users\KHIRI\AppData\Roaming\Code\User\workspaceStorage\f4c4d2ce2ba728a5ae55cd6b2c7ee574\redhat.java\jdt_ws --pipe=\\.\pipe\lsp-b7810bc3de1b1a4bdad61694b5867ede-sock

Host: Intel(R) Core(TM) i5-4310U CPU @ 2.00GHz, 4 cores, 7G,  Windows 10 , 64 bit Build 19041 (10.0.19041.5915)
Time: Tue Feb  3 12:47:13 2026 Morocco Daylight Time elapsed time: 48357.732026 seconds (0d 13h 25m 57s)

---------------  T H R E A D  ---------------

Current thread (0x000002894355dee0):  JavaThread "Attach Listener" daemon [_thread_in_vm, id=10532, stack(0x000000e5a0a00000,0x000000e5a0b00000) (1024K)]

Stack: [0x000000e5a0a00000,0x000000e5a0b00000]
Native frames: (J=compiled Java code, j=interpreted, Vv=VM code, C=native code)
V  [jvm.dll+0x6d6e29]
V  [jvm.dll+0x8b4b76]
V  [jvm.dll+0x8b712e]
V  [jvm.dll+0x8b7813]
V  [jvm.dll+0x283d86]
V  [jvm.dll+0xc1277]
V  [jvm.dll+0x6d76d9]
V  [jvm.dll+0x133466]
V  [jvm.dll+0x3f7ea6]
V  [jvm.dll+0x85e9ad]
V  [jvm.dll+0x6d565d]
C  [ucrtbase.dll+0x21bb2]
C  [KERNEL32.DLL+0x17374]
C  [ntdll.dll+0x4cc91]


---------------  P R O C E S S  ---------------

Threads class SMR info:
_java_thread_list=0x000002898a1fbd80, length=31, elements={
0x000002892a9d5040, 0x0000028943559b50, 0x000002894355b450, 0x000002894355cd50,
0x000002894355dee0, 0x000002894355edf0, 0x0000028943562960, 0x0000028943563790,
0x00000289435d98a0, 0x0000028985356030, 0x00000289853f2690, 0x000002898577f390,
0x00000289858edfd0, 0x0000028985354a20, 0x00000289436006a0, 0x0000028985235150,
0x00000289856a4c60, 0x0000028985db5140, 0x0000028985db1cc0, 0x0000028985db2350,
0x000002898ba0bbb0, 0x000002898ba0c8d0, 0x000002898ba08730, 0x000002898ba0cf60,
0x000002898ba0c240, 0x000002898ba0a800, 0x000002898ba08dc0, 0x000002898ba0ae90,
0x000002898a3df620, 0x000002898ba0f6c0, 0x000002898a3de270
}

Java Threads: ( => current thread )
  0x000002892a9d5040 JavaThread "main"                              [_thread_blocked, id=11524, stack(0x000000e5a0300000,0x000000e5a0400000) (1024K)]
  0x0000028943559b50 JavaThread "Reference Handler"          daemon [_thread_blocked, id=9676, stack(0x000000e5a0700000,0x000000e5a0800000) (1024K)]
  0x000002894355b450 JavaThread "Finalizer"                  daemon [_thread_blocked, id=14940, stack(0x000000e5a0800000,0x000000e5a0900000) (1024K)]
  0x000002894355cd50 JavaThread "Signal Dispatcher"          daemon [_thread_blocked, id=8520, stack(0x000000e5a0900000,0x000000e5a0a00000) (1024K)]
=>0x000002894355dee0 JavaThread "Attach Listener"            daemon [_thread_in_vm, id=10532, stack(0x000000e5a0a00000,0x000000e5a0b00000) (1024K)]
  0x000002894355edf0 JavaThread "Service Thread"             daemon [_thread_blocked, id=10632, stack(0x000000e5a0b00000,0x000000e5a0c00000) (1024K)]
  0x0000028943562960 JavaThread "Monitor Deflation Thread"   daemon [_thread_blocked, id=888, stack(0x000000e5a0c00000,0x000000e5a0d00000) (1024K)]
  0x0000028943563790 JavaThread "C2 CompilerThread0"         daemon [_thread_blocked, id=1764, stack(0x000000e5a0d00000,0x000000e5a0e00000) (1024K)]
  0x00000289435d98a0 JavaThread "C1 CompilerThread0"         daemon [_thread_blocked, id=14916, stack(0x000000e5a0e00000,0x000000e5a0f00000) (1024K)]
  0x0000028985356030 JavaThread "Common-Cleaner"             daemon [_thread_blocked, id=10608, stack(0x000000e5a0f00000,0x000000e5a1000000) (1024K)]
  0x00000289853f2690 JavaThread "Notification Thread"        daemon [_thread_blocked, id=9968, stack(0x000000e5a1000000,0x000000e5a1100000) (1024K)]
  0x000002898577f390 JavaThread "Active Thread: Equinox Container: 422803ec-5759-4881-bad0-7f33abba26d4"        [_thread_blocked, id=12680, stack(0x000000e5a1100000,0x000000e5a1200000) (1024K)]
  0x00000289858edfd0 JavaThread "Refresh Thread: Equinox Container: 422803ec-5759-4881-bad0-7f33abba26d4" daemon [_thread_blocked, id=5780, stack(0x000000e5a1500000,0x000000e5a1600000) (1024K)]
  0x0000028985354a20 JavaThread "Framework Event Dispatcher: Equinox Container: 422803ec-5759-4881-bad0-7f33abba26d4" daemon [_thread_blocked, id=1936, stack(0x000000e5a1600000,0x000000e5a1700000) (1024K)]
  0x00000289436006a0 JavaThread "Start Level: Equinox Container: 422803ec-5759-4881-bad0-7f33abba26d4" daemon [_thread_blocked, id=14480, stack(0x000000e5a1700000,0x000000e5a1800000) (1024K)]
  0x0000028985235150 JavaThread "Bundle File Closer"         daemon [_thread_blocked, id=14876, stack(0x000000e5a1900000,0x000000e5a1a00000) (1024K)]
  0x00000289856a4c60 JavaThread "SCR Component Actor"        daemon [_thread_blocked, id=11540, stack(0x000000e5a1800000,0x000000e5a1900000) (1024K)]
  0x0000028985db5140 JavaThread "Worker-JM"                         [_thread_blocked, id=6220, stack(0x000000e5a1b00000,0x000000e5a1c00000) (1024K)]
  0x0000028985db1cc0 JavaThread "JNA Cleaner"                daemon [_thread_blocked, id=5928, stack(0x000000e5a1a00000,0x000000e5a1b00000) (1024K)]
  0x0000028985db2350 JavaThread "Java indexing"              daemon [_thread_blocked, id=13440, stack(0x000000e5a1f00000,0x000000e5a2000000) (1024K)]
  0x000002898ba0bbb0 JavaThread "Thread-1"                   daemon [_thread_in_native, id=11008, stack(0x000000e5a2500000,0x000000e5a2600000) (1024K)]
  0x000002898ba0c8d0 JavaThread "Thread-2"                   daemon [_thread_in_native, id=4992, stack(0x000000e5a2600000,0x000000e5a2700000) (1024K)]
  0x000002898ba08730 JavaThread "Thread-3"                   daemon [_thread_in_native, id=2208, stack(0x000000e5a2700000,0x000000e5a2800000) (1024K)]
  0x000002898ba0cf60 JavaThread "Thread-4"                   daemon [_thread_in_native, id=14744, stack(0x000000e5a2800000,0x000000e5a2900000) (1024K)]
  0x000002898ba0c240 JavaThread "Thread-5"                   daemon [_thread_in_native, id=10380, stack(0x000000e5a2900000,0x000000e5a2a00000) (1024K)]
  0x000002898ba0a800 JavaThread "pool-2-thread-1"                   [_thread_blocked, id=12480, stack(0x000000e5a2a00000,0x000000e5a2b00000) (1024K)]
  0x000002898ba08dc0 JavaThread "WorkspaceEventsHandler"            [_thread_blocked, id=12996, stack(0x000000e5a2b00000,0x000000e5a2c00000) (1024K)]
  0x000002898ba0ae90 JavaThread "pool-1-thread-1"                   [_thread_blocked, id=3264, stack(0x000000e5a2c00000,0x000000e5a2d00000) (1024K)]
  0x000002898a3df620 JavaThread "Cleaner-0"                  daemon [_thread_blocked, id=11808, stack(0x000000e5a0100000,0x000000e5a0200000) (1024K)]
  0x000002898ba0f6c0 JavaThread "Worker-31"                         [_thread_blocked, id=12216, stack(0x000000e5a1e00000,0x000000e5a1f00000) (1024K)]
  0x000002898a3de270 JavaThread "Worker-33"                         [_thread_blocked, id=15184, stack(0x000000e5a0200000,0x000000e5a0300000) (1024K)]
Total: 31

Other Threads:
  0x000002894354e2c0 VMThread "VM Thread"                           [id=7208, stack(0x000000e5a0600000,0x000000e5a0700000) (1024K)]
  0x000002892cbd9150 WatcherThread "VM Periodic Task Thread"        [id=4112, stack(0x000000e5a0500000,0x000000e5a0600000) (1024K)]
  0x000002892cb8d980 WorkerThread "GC Thread#0"                     [id=14808, stack(0x000000e5a0400000,0x000000e5a0500000) (1024K)]
  0x000002898594d5a0 WorkerThread "GC Thread#1"                     [id=14288, stack(0x000000e5a1200000,0x000000e5a1300000) (1024K)]
  0x0000028985850ee0 WorkerThread "GC Thread#2"                     [id=13340, stack(0x000000e5a1300000,0x000000e5a1400000) (1024K)]
  0x0000028985851280 WorkerThread "GC Thread#3"                     [id=13460, stack(0x000000e5a1400000,0x000000e5a1500000) (1024K)]
Total: 6

Threads with active compile tasks:
Total: 0

VM state: not at safepoint (normal execution)

VM Mutex/Monitor currently owned by a thread: None

Heap address: 0x0000000080000000, size: 2048 MB, Compressed Oops mode: 32-bit

CDS archive(s) mapped at: [0x0000028944000000-0x0000028944ba0000-0x0000028944ba0000), size 12189696, SharedBaseAddress: 0x0000028944000000, ArchiveRelocationMode: 1.
Compressed class space mapped at: 0x0000028945000000-0x0000028985000000, reserved size: 1073741824
Narrow klass base: 0x0000028944000000, Narrow klass shift: 0, Narrow klass range: 0x100000000

GC Precious Log:
 CardTable entry size: 512
 CPUs: 4 total, 4 available
 Memory: 8101M
 Large Page Support: Disabled
 NUMA Support: Disabled
 Compressed Oops: Enabled (32-bit)
 Alignments: Space 512K, Generation 512K, Heap 2M
 Heap Min Capacity: 100M
 Heap Initial Capacity: 100M
 Heap Max Capacity: 2G
 Pre-touch: Disabled
 Parallel Workers: 4

Heap:
 PSYoungGen      total 11776K, used 2362K [0x00000000d5580000, 0x00000000d6300000, 0x0000000100000000)
  eden space 8192K, 21% used [0x00000000d5580000,0x00000000d573eb00,0x00000000d5d80000)
  from space 3584K, 16% used [0x00000000d5d80000,0x00000000d5e10000,0x00000000d6100000)
  to   space 1536K, 0% used [0x00000000d6180000,0x00000000d6180000,0x00000000d6300000)
 ParOldGen       total 1299456K, used 1298579K [0x0000000080000000, 0x00000000cf500000, 0x00000000d5580000)
  object space 1299456K, 99% used [0x0000000080000000,0x00000000cf424eb8,0x00000000cf500000)
 Metaspace       used 107761K, committed 109632K, reserved 1179648K
  class space    used 10708K, committed 11584K, reserved 1048576K

Card table byte_map: [0x000002892c540000,0x000002892c950000] _byte_map_base: 0x000002892c140000

Marking Bits: (ParMarkBitMap*) 0x00007fffa8452460
 Begin Bits: [0x000002893f030000, 0x0000028941030000)
 End Bits:   [0x0000028941030000, 0x0000028943030000)

Polling page: 0x000002892a990000

Metaspace:

Usage:
  Non-class:     94.78 MB used.
      Class:     10.46 MB used.
       Both:    105.24 MB used.

Virtual space:
  Non-class space:      128.00 MB reserved,      95.75 MB ( 75%) committed,  2 nodes.
      Class space:        1.00 GB reserved,      11.31 MB (  1%) committed,  1 nodes.
             Both:        1.12 GB reserved,     107.06 MB (  9%) committed. 

Chunk freelists:
   Non-Class:  208.00 KB
       Class:  4.54 MB
        Both:  4.74 MB

MaxMetaspaceSize: unlimited
CompressedClassSpaceSize: 1.00 GB
Initial GC threshold: 21.00 MB
Current GC threshold: 177.50 MB
CDS: on
 - commit_granule_bytes: 65536.
 - commit_granule_words: 8192.
 - virtual_space_node_default_size: 8388608.
 - enlarge_chunks_in_place: 1.
 - use_allocation_guard: 0.


Internal statistics:

num_allocs_failed_limit: 9.
num_arena_births: 2202.
num_arena_deaths: 452.
num_vsnodes_births: 3.
num_vsnodes_deaths: 0.
num_space_committed: 1713.
num_space_uncommitted: 0.
num_chunks_returned_to_freelist: 532.
num_chunks_taken_from_freelist: 7885.
num_chunk_merges: 143.
num_chunk_splits: 4512.
num_chunks_enlarged: 2409.
num_inconsistent_stats: 0.

CodeHeap 'non-profiled nmethods': size=120000Kb used=25056Kb max_used=25056Kb free=94943Kb
 bounds [0x0000028937850000, 0x00000289390d0000, 0x000002893ed80000]
CodeHeap 'profiled nmethods': size=120000Kb used=41179Kb max_used=45908Kb free=78820Kb
 bounds [0x000002892fd80000, 0x0000028932a60000, 0x00000289372b0000]
CodeHeap 'non-nmethods': size=5760Kb used=1560Kb max_used=1651Kb free=4199Kb
 bounds [0x00000289372b0000, 0x0000028937520000, 0x0000028937850000]
CodeCache: size=245760Kb, used=67795Kb, max_used=72615Kb, free=177962Kb
 total_blobs=17646, nmethods=16755, adapters=790, full_count=0
Compilation: enabled, stopped_count=0, restarted_count=0

Compilation events (20 events):
Event: 45822.284 Thread 0x00000289435d98a0 33595   !   3       org.eclipse.osgi.internal.framework.StorageSaver$StorageSaverTask::run (31 bytes)
Event: 45822.320 Thread 0x00000289435d98a0 nmethod 33595 0x00000289303f0e10 code [0x00000289303f0fe0, 0x00000289303f1280]
Event: 45822.320 Thread 0x00000289435d98a0 33596   !   3       org.eclipse.osgi.storage.Storage::save (62 bytes)
Event: 45822.328 Thread 0x00000289435d98a0 nmethod 33596 0x00000289303f0710 code [0x00000289303f0900, 0x00000289303f0c70]
Event: 45822.328 Thread 0x00000289435d98a0 33597   !   3       org.eclipse.osgi.storage.Storage::save0 (246 bytes)
Event: 45822.367 Thread 0x00000289435d98a0 nmethod 33597 0x0000028930a46110 code [0x0000028930a46620, 0x0000028930a49208]
Event: 46174.390 Thread 0x00000289435d98a0 33598       1       org.eclipse.core.internal.jobs.InternalJob::previous (5 bytes)
Event: 46174.393 Thread 0x00000289435d98a0 nmethod 33598 0x00000289390c7990 code [0x00000289390c7b20, 0x00000289390c7be8]
Event: 47494.483 Thread 0x0000028943563790 33599       4       org.eclipse.core.internal.jobs.JobQueue::peek (26 bytes)
Event: 47494.494 Thread 0x0000028943563790 nmethod 33599 0x00000289390c7c90 code [0x00000289390c7e20, 0x00000289390c7ed0]
Event: 47889.580 Thread 0x00000289435d98a0 33600       3       java.lang.ClassLoader::getBuiltinPlatformClassLoader (4 bytes)
Event: 47889.626 Thread 0x00000289435d98a0 nmethod 33600 0x00000289303f0390 code [0x00000289303f0540, 0x00000289303f0690]
Event: 47974.467 Thread 0x00000289435d98a0 33601       3       org.eclipse.core.internal.jobs.JobManager::startJob (89 bytes)
Event: 47974.467 Thread 0x0000028943563790 33602       4       org.eclipse.core.internal.jobs.JobQueue::isEmpty (18 bytes)
Event: 47974.470 Thread 0x0000028943563790 nmethod 33602 0x00000289390c7f90 code [0x00000289390c8120, 0x00000289390c81d0]
Event: 47974.525 Thread 0x00000289435d98a0 nmethod 33601 0x00000289303ef210 code [0x00000289303ef4a0, 0x00000289303eff20]
Event: 47979.606 Thread 0x00000289435d98a0 33604       3       java.lang.ClassLoader::getPlatformClassLoader (21 bytes)
Event: 47979.608 Thread 0x00000289435d98a0 nmethod 33604 0x00000289303eec90 code [0x00000289303eee60, 0x00000289303ef0f0]
Event: 48034.467 Thread 0x00000289435d98a0 33605   !   3       org.eclipse.core.internal.jobs.JobManager::sleepHint (67 bytes)
Event: 48034.477 Thread 0x00000289435d98a0 nmethod 33605 0x0000028930a44f10 code [0x0000028930a45180, 0x0000028930a45c38]

GC Heap History (20 events):
Event: 6462.020 GC heap before
{Heap before GC invocations=7344 (full 17):
 PSYoungGen      total 5120K, used 4572K [0x00000000d5580000, 0x00000000d5d00000, 0x0000000100000000)
  eden space 3584K, 100% used [0x00000000d5580000,0x00000000d5900000,0x00000000d5900000)
  from space 1536K, 64% used [0x00000000d5900000,0x00000000d59f7000,0x00000000d5a80000)
  to   space 1536K, 0% used [0x00000000d5b80000,0x00000000d5b80000,0x00000000d5d00000)
 ParOldGen       total 1252352K, used 1251215K [0x0000000080000000, 0x00000000cc700000, 0x00000000d5580000)
  object space 1252352K, 99% used [0x0000000080000000,0x00000000cc5e3ef0,0x00000000cc700000)
 Metaspace       used 107731K, committed 109632K, reserved 1179648K
  class space    used 10708K, committed 11584K, reserved 1048576K
}
Event: 6462.025 GC heap after
{Heap after GC invocations=7344 (full 17):
 PSYoungGen      total 6144K, used 1392K [0x00000000d5580000, 0x00000000d5d00000, 0x0000000100000000)
  eden space 4608K, 0% used [0x00000000d5580000,0x00000000d5580000,0x00000000d5a00000)
  from space 1536K, 90% used [0x00000000d5b80000,0x00000000d5cdc010,0x00000000d5d00000)
  to   space 1536K, 0% used [0x00000000d5a00000,0x00000000d5a00000,0x00000000d5b80000)
 ParOldGen       total 1252352K, used 1251895K [0x0000000080000000, 0x00000000cc700000, 0x00000000d5580000)
  object space 1252352K, 99% used [0x0000000080000000,0x00000000cc68df10,0x00000000cc700000)
 Metaspace       used 107731K, committed 109632K, reserved 1179648K
  class space    used 10708K, committed 11584K, reserved 1048576K
}
Event: 6462.192 GC heap before
{Heap before GC invocations=7345 (full 17):
 PSYoungGen      total 6144K, used 6000K [0x00000000d5580000, 0x00000000d5d00000, 0x0000000100000000)
  eden space 4608K, 100% used [0x00000000d5580000,0x00000000d5a00000,0x00000000d5a00000)
  from space 1536K, 90% used [0x00000000d5b80000,0x00000000d5cdc010,0x00000000d5d00000)
  to   space 1536K, 0% used [0x00000000d5a00000,0x00000000d5a00000,0x00000000d5b80000)
 ParOldGen       total 1252352K, used 1251895K [0x0000000080000000, 0x00000000cc700000, 0x00000000d5580000)
  object space 1252352K, 99% used [0x0000000080000000,0x00000000cc68df10,0x00000000cc700000)
 Metaspace       used 107731K, committed 109632K, reserved 1179648K
  class space    used 10708K, committed 11584K, reserved 1048576K
}
Event: 6462.198 GC heap after
{Heap after GC invocations=7345 (full 17):
 PSYoungGen      total 6144K, used 1536K [0x00000000d5580000, 0x00000000d6200000, 0x0000000100000000)
  eden space 4608K, 0% used [0x00000000d5580000,0x00000000d5580000,0x00000000d5a00000)
  from space 1536K, 100% used [0x00000000d5a00000,0x00000000d5b80000,0x00000000d5b80000)
  to   space 3584K, 0% used [0x00000000d5e80000,0x00000000d5e80000,0x00000000d6200000)
 ParOldGen       total 1253376K, used 1253207K [0x0000000080000000, 0x00000000cc800000, 0x00000000d5580000)
  object space 1253376K, 99% used [0x0000000080000000,0x00000000cc7d5f30,0x00000000cc800000)
 Metaspace       used 107731K, committed 109632K, reserved 1179648K
  class space    used 10708K, committed 11584K, reserved 1048576K
}
Event: 6462.359 GC heap before
{Heap before GC invocations=7346 (full 17):
 PSYoungGen      total 6144K, used 6144K [0x00000000d5580000, 0x00000000d6200000, 0x0000000100000000)
  eden space 4608K, 100% used [0x00000000d5580000,0x00000000d5a00000,0x00000000d5a00000)
  from space 1536K, 100% used [0x00000000d5a00000,0x00000000d5b80000,0x00000000d5b80000)
  to   space 3584K, 0% used [0x00000000d5e80000,0x00000000d5e80000,0x00000000d6200000)
 ParOldGen       total 1253376K, used 1253207K [0x0000000080000000, 0x00000000cc800000, 0x00000000d5580000)
  object space 1253376K, 99% used [0x0000000080000000,0x00000000cc7d5f30,0x00000000cc800000)
 Metaspace       used 107732K, committed 109632K, reserved 1179648K
  class space    used 10708K, committed 11584K, reserved 1048576K
}
Event: 6462.367 GC heap after
{Heap after GC invocations=7346 (full 17):
 PSYoungGen      total 7168K, used 1480K [0x00000000d5580000, 0x00000000d6000000, 0x0000000100000000)
  eden space 5632K, 0% used [0x00000000d5580000,0x00000000d5580000,0x00000000d5b00000)
  from space 1536K, 96% used [0x00000000d5e80000,0x00000000d5ff21b0,0x00000000d6000000)
  to   space 2048K, 0% used [0x00000000d5c00000,0x00000000d5c00000,0x00000000d5e00000)
 ParOldGen       total 1254912K, used 1254743K [0x0000000080000000, 0x00000000cc980000, 0x00000000d5580000)
  object space 1254912K, 99% used [0x0000000080000000,0x00000000cc955cf0,0x00000000cc980000)
 Metaspace       used 107732K, committed 109632K, reserved 1179648K
  class space    used 10708K, committed 11584K, reserved 1048576K
}
Event: 6462.394 GC heap before
{Heap before GC invocations=7347 (full 17):
 PSYoungGen      total 7168K, used 7112K [0x00000000d5580000, 0x00000000d6000000, 0x0000000100000000)
  eden space 5632K, 100% used [0x00000000d5580000,0x00000000d5b00000,0x00000000d5b00000)
  from space 1536K, 96% used [0x00000000d5e80000,0x00000000d5ff21b0,0x00000000d6000000)
  to   space 2048K, 0% used [0x00000000d5c00000,0x00000000d5c00000,0x00000000d5e00000)
 ParOldGen       total 1254912K, used 1254743K [0x0000000080000000, 0x00000000cc980000, 0x00000000d5580000)
  object space 1254912K, 99% used [0x0000000080000000,0x00000000cc955cf0,0x00000000cc980000)
 Metaspace       used 107732K, committed 109632K, reserved 1179648K
  class space    used 10708K, committed 11584K, reserved 1048576K
}
Event: 6462.404 GC heap after
{Heap after GC invocations=7347 (full 17):
 PSYoungGen      total 8704K, used 2048K [0x00000000d5580000, 0x00000000d6c80000, 0x0000000100000000)
  eden space 6656K, 0% used [0x00000000d5580000,0x00000000d5580000,0x00000000d5c00000)
  from space 2048K, 100% used [0x00000000d5c00000,0x00000000d5e00000,0x00000000d5e00000)
  to   space 8192K, 0% used [0x00000000d6480000,0x00000000d6480000,0x00000000d6c80000)
 ParOldGen       total 1260032K, used 1259681K [0x0000000080000000, 0x00000000cce80000, 0x00000000d5580000)
  object space 1260032K, 99% used [0x0000000080000000,0x00000000cce287a0,0x00000000cce80000)
 Metaspace       used 107732K, committed 109632K, reserved 1179648K
  class space    used 10708K, committed 11584K, reserved 1048576K
}
Event: 6462.435 GC heap before
{Heap before GC invocations=7348 (full 17):
 PSYoungGen      total 8704K, used 8704K [0x00000000d5580000, 0x00000000d6c80000, 0x0000000100000000)
  eden space 6656K, 100% used [0x00000000d5580000,0x00000000d5c00000,0x00000000d5c00000)
  from space 2048K, 100% used [0x00000000d5c00000,0x00000000d5e00000,0x00000000d5e00000)
  to   space 8192K, 0% used [0x00000000d6480000,0x00000000d6480000,0x00000000d6c80000)
 ParOldGen       total 1260032K, used 1259681K [0x0000000080000000, 0x00000000cce80000, 0x00000000d5580000)
  object space 1260032K, 99% used [0x0000000080000000,0x00000000cce287a0,0x00000000cce80000)
 Metaspace       used 107732K, committed 109632K, reserved 1179648K
  class space    used 10708K, committed 11584K, reserved 1048576K
}
Event: 6462.443 GC heap after
{Heap after GC invocations=7348 (full 17):
 PSYoungGen      total 10752K, used 2516K [0x00000000d5580000, 0x00000000d6700000, 0x0000000100000000)
  eden space 8192K, 0% used [0x00000000d5580000,0x00000000d5580000,0x00000000d5d80000)
  from space 2560K, 98% used [0x00000000d6480000,0x00000000d66f5200,0x00000000d6700000)
  to   space 4608K, 0% used [0x00000000d5e00000,0x00000000d5e00000,0x00000000d6280000)
 ParOldGen       total 1262080K, used 1261753K [0x0000000080000000, 0x00000000cd080000, 0x00000000d5580000)
  object space 1262080K, 99% used [0x0000000080000000,0x00000000cd02e7a0,0x00000000cd080000)
 Metaspace       used 107732K, committed 109632K, reserved 1179648K
  class space    used 10708K, committed 11584K, reserved 1048576K
}
Event: 6462.485 GC heap before
{Heap before GC invocations=7349 (full 17):
 PSYoungGen      total 10752K, used 10708K [0x00000000d5580000, 0x00000000d6700000, 0x0000000100000000)
  eden space 8192K, 100% used [0x00000000d5580000,0x00000000d5d80000,0x00000000d5d80000)
  from space 2560K, 98% used [0x00000000d6480000,0x00000000d66f5200,0x00000000d6700000)
  to   space 4608K, 0% used [0x00000000d5e00000,0x00000000d5e00000,0x00000000d6280000)
 ParOldGen       total 1262080K, used 1261753K [0x0000000080000000, 0x00000000cd080000, 0x00000000d5580000)
  object space 1262080K, 99% used [0x0000000080000000,0x00000000cd02e7a0,0x00000000cd080000)
 Metaspace       used 107732K, committed 109632K, reserved 1179648K
  class space    used 10708K, committed 11584K, reserved 1048576K
}
Event: 6462.491 GC heap after
{Heap after GC invocations=7349 (full 17):
 PSYoungGen      total 12800K, used 832K [0x00000000d5580000, 0x00000000d6500000, 0x0000000100000000)
  eden space 8192K, 0% used [0x00000000d5580000,0x00000000d5580000,0x00000000d5d80000)
  from space 4608K, 18% used [0x00000000d5e00000,0x00000000d5ed0000,0x00000000d6280000)
  to   space 2048K, 0% used [0x00000000d6300000,0x00000000d6300000,0x00000000d6500000)
 ParOldGen       total 1264640K, used 1264215K [0x0000000080000000, 0x00000000cd300000, 0x00000000d5580000)
  object space 1264640K, 99% used [0x0000000080000000,0x00000000cd295c60,0x00000000cd300000)
 Metaspace       used 107732K, committed 109632K, reserved 1179648K
  class space    used 10708K, committed 11584K, reserved 1048576K
}
Event: 6462.910 GC heap before
{Heap before GC invocations=7350 (full 17):
 PSYoungGen      total 12800K, used 9024K [0x00000000d5580000, 0x00000000d6500000, 0x0000000100000000)
  eden space 8192K, 100% used [0x00000000d5580000,0x00000000d5d80000,0x00000000d5d80000)
  from space 4608K, 18% used [0x00000000d5e00000,0x00000000d5ed0000,0x00000000d6280000)
  to   space 2048K, 0% used [0x00000000d6300000,0x00000000d6300000,0x00000000d6500000)
 ParOldGen       total 1264640K, used 1264215K [0x0000000080000000, 0x00000000cd300000, 0x00000000d5580000)
  object space 1264640K, 99% used [0x0000000080000000,0x00000000cd295c60,0x00000000cd300000)
 Metaspace       used 107732K, committed 109632K, reserved 1179648K
  class space    used 10708K, committed 11584K, reserved 1048576K
}
Event: 6462.917 GC heap after
{Heap after GC invocations=7350 (full 17):
 PSYoungGen      total 9216K, used 954K [0x00000000d5580000, 0x00000000d6400000, 0x0000000100000000)
  eden space 8192K, 0% used [0x00000000d5580000,0x00000000d5580000,0x00000000d5d80000)
  from space 1024K, 93% used [0x00000000d6300000,0x00000000d63ee900,0x00000000d6400000)
  to   space 1536K, 0% used [0x00000000d6100000,0x00000000d6100000,0x00000000d6280000)
 ParOldGen       total 1265152K, used 1264935K [0x0000000080000000, 0x00000000cd380000, 0x00000000d5580000)
  object space 1265152K, 99% used [0x0000000080000000,0x00000000cd349ca0,0x00000000cd380000)
 Metaspace       used 107732K, committed 109632K, reserved 1179648K
  class space    used 10708K, committed 11584K, reserved 1048576K
}
Event: 6462.941 GC heap before
{Heap before GC invocations=7351 (full 17):
 PSYoungGen      total 9216K, used 9146K [0x00000000d5580000, 0x00000000d6400000, 0x0000000100000000)
  eden space 8192K, 100% used [0x00000000d5580000,0x00000000d5d80000,0x00000000d5d80000)
  from space 1024K, 93% used [0x00000000d6300000,0x00000000d63ee900,0x00000000d6400000)
  to   space 1536K, 0% used [0x00000000d6100000,0x00000000d6100000,0x00000000d6280000)
 ParOldGen       total 1265152K, used 1264935K [0x0000000080000000, 0x00000000cd380000, 0x00000000d5580000)
  object space 1265152K, 99% used [0x0000000080000000,0x00000000cd349ca0,0x00000000cd380000)
 Metaspace       used 107732K, committed 109632K, reserved 1179648K
  class space    used 10708K, committed 11584K, reserved 1048576K
}
Event: 6462.947 GC heap after
{Heap after GC invocations=7351 (full 17):
 PSYoungGen      total 9728K, used 954K [0x00000000d5580000, 0x00000000d6380000, 0x0000000100000000)
  eden space 8192K, 0% used [0x00000000d5580000,0x00000000d5580000,0x00000000d5d80000)
  from space 1536K, 62% used [0x00000000d6100000,0x00000000d61ee900,0x00000000d6280000)
  to   space 1024K, 0% used [0x00000000d6280000,0x00000000d6280000,0x00000000d6380000)
 ParOldGen       total 1266176K, used 1265808K [0x0000000080000000, 0x00000000cd480000, 0x00000000d5580000)
  object space 1266176K, 99% used [0x0000000080000000,0x00000000cd4242a0,0x00000000cd480000)
 Metaspace       used 107732K, committed 109632K, reserved 1179648K
  class space    used 10708K, committed 11584K, reserved 1048576K
}
Event: 6463.424 GC heap before
{Heap before GC invocations=7352 (full 17):
 PSYoungGen      total 9728K, used 9076K [0x00000000d5580000, 0x00000000d6380000, 0x0000000100000000)
  eden space 8192K, 99% used [0x00000000d5580000,0x00000000d5d6ea88,0x00000000d5d80000)
  from space 1536K, 62% used [0x00000000d6100000,0x00000000d61ee900,0x00000000d6280000)
  to   space 1024K, 0% used [0x00000000d6280000,0x00000000d6280000,0x00000000d6380000)
 ParOldGen       total 1266176K, used 1265808K [0x0000000080000000, 0x00000000cd480000, 0x00000000d5580000)
  object space 1266176K, 99% used [0x0000000080000000,0x00000000cd4242a0,0x00000000cd480000)
 Metaspace       used 107734K, committed 109632K, reserved 1179648K
  class space    used 10708K, committed 11584K, reserved 1048576K
}
Event: 6463.429 GC heap after
{Heap after GC invocations=7352 (full 17):
 PSYoungGen      total 9216K, used 1009K [0x00000000d5580000, 0x00000000d6480000, 0x0000000100000000)
  eden space 8192K, 0% used [0x00000000d5580000,0x00000000d5580000,0x00000000d5d80000)
  from space 1024K, 98% used [0x00000000d6280000,0x00000000d637c588,0x00000000d6380000)
  to   space 3584K, 0% used [0x00000000d5d80000,0x00000000d5d80000,0x00000000d6100000)
 ParOldGen       total 1267712K, used 1267686K [0x0000000080000000, 0x00000000cd600000, 0x00000000d5580000)
  object space 1267712K, 99% used [0x0000000080000000,0x00000000cd5f9aa8,0x00000000cd600000)
 Metaspace       used 107734K, committed 109632K, reserved 1179648K
  class space    used 10708K, committed 11584K, reserved 1048576K
}
Event: 44853.817 GC heap before
{Heap before GC invocations=7353 (full 17):
 PSYoungGen      total 9216K, used 9201K [0x00000000d5580000, 0x00000000d6480000, 0x0000000100000000)
  eden space 8192K, 100% used [0x00000000d5580000,0x00000000d5d80000,0x00000000d5d80000)
  from space 1024K, 98% used [0x00000000d6280000,0x00000000d637c588,0x00000000d6380000)
  to   space 3584K, 0% used [0x00000000d5d80000,0x00000000d5d80000,0x00000000d6100000)
 ParOldGen       total 1299456K, used 1298406K [0x0000000080000000, 0x00000000cf500000, 0x00000000d5580000)
  object space 1299456K, 99% used [0x0000000080000000,0x00000000cf3f9ad8,0x00000000cf500000)
 Metaspace       used 107737K, committed 109632K, reserved 1179648K
  class space    used 10708K, committed 11584K, reserved 1048576K
}
Event: 44853.864 GC heap after
{Heap after GC invocations=7353 (full 17):
 PSYoungGen      total 11776K, used 576K [0x00000000d5580000, 0x00000000d6300000, 0x0000000100000000)
  eden space 8192K, 0% used [0x00000000d5580000,0x00000000d5580000,0x00000000d5d80000)
  from space 3584K, 16% used [0x00000000d5d80000,0x00000000d5e10000,0x00000000d6100000)
  to   space 1536K, 0% used [0x00000000d6180000,0x00000000d6180000,0x00000000d6300000)
 ParOldGen       total 1299456K, used 1298579K [0x0000000080000000, 0x00000000cf500000, 0x00000000d5580000)
  object space 1299456K, 99% used [0x0000000080000000,0x00000000cf424eb8,0x00000000cf500000)
 Metaspace       used 107737K, committed 109632K, reserved 1179648K
  class space    used 10708K, committed 11584K, reserved 1048576K
}

Dll operation events (14 events):
Event: 0.725 Loaded shared library c:\Users\KHIRI\.vscode\extensions\redhat.java-1.51.0-win32-x64\jre\21.0.9-win32-x86_64\bin\java.dll
Event: 1.097 Loaded shared library c:\Users\KHIRI\.vscode\extensions\redhat.java-1.51.0-win32-x64\jre\21.0.9-win32-x86_64\bin\zip.dll
Event: 1.199 Loaded shared library C:\Users\KHIRI\.vscode\extensions\redhat.java-1.51.0-win32-x64\jre\21.0.9-win32-x86_64\bin\instrument.dll
Event: 1.567 Loaded shared library C:\Users\KHIRI\.vscode\extensions\redhat.java-1.51.0-win32-x64\jre\21.0.9-win32-x86_64\bin\net.dll
Event: 1.784 Loaded shared library C:\Users\KHIRI\.vscode\extensions\redhat.java-1.51.0-win32-x64\jre\21.0.9-win32-x86_64\bin\nio.dll
Event: 1.793 Loaded shared library C:\Users\KHIRI\.vscode\extensions\redhat.java-1.51.0-win32-x64\jre\21.0.9-win32-x86_64\bin\zip.dll
Event: 1.883 Loaded shared library C:\Users\KHIRI\.vscode\extensions\redhat.java-1.51.0-win32-x64\jre\21.0.9-win32-x86_64\bin\jimage.dll
Event: 2.275 Loaded shared library c:\Users\KHIRI\.vscode\extensions\redhat.java-1.51.0-win32-x64\jre\21.0.9-win32-x86_64\bin\verify.dll
Event: 36.049 Loaded shared library C:\Users\KHIRI\AppData\Roaming\Code\User\globalStorage\redhat.java\1.51.0\config_win\org.eclipse.equinox.launcher\org.eclipse.equinox.launcher.win32.win32.x86_64_1.2.1400.v20250801-0854\eclipse_11916.dll
Event: 59.717 Loaded shared library C:\Users\KHIRI\AppData\Local\Temp\jna-71481795\jna13822707365197542658.dll
Event: 756.584 Loaded shared library C:\Users\KHIRI\.vscode\extensions\redhat.java-1.51.0-win32-x64\jre\21.0.9-win32-x86_64\bin\sunmscapi.dll
Event: 756.770 Loaded shared library C:\Users\KHIRI\.vscode\extensions\redhat.java-1.51.0-win32-x64\jre\21.0.9-win32-x86_64\bin\extnet.dll
Event: 1875.037 Loaded shared library C:\Users\KHIRI\.vscode\extensions\redhat.java-1.51.0-win32-x64\jre\21.0.9-win32-x86_64\bin\management.dll
Event: 1875.111 Loaded shared library C:\Users\KHIRI\.vscode\extensions\redhat.java-1.51.0-win32-x64\jre\21.0.9-win32-x86_64\bin\management_ext.dll

Deoptimization events (20 events):
Event: 6451.389 Thread 0x0000028985db3070 DEOPT PACKING pc=0x0000028932004c43 sp=0x000000e5a02fedb0
Event: 6451.389 Thread 0x0000028985db3070 DEOPT UNPACKING pc=0x0000028937304242 sp=0x000000e5a02fe300 mode 0
Event: 6458.658 Thread 0x0000028985db4ab0 DEOPT PACKING pc=0x00000289321de7bd sp=0x000000e5a1dfe140
Event: 6458.658 Thread 0x0000028985db4ab0 DEOPT UNPACKING pc=0x0000028937304242 sp=0x000000e5a1dfd628 mode 0
Event: 6460.660 Thread 0x0000028985db3070 Uncommon trap: trap_request=0xffffff45 fr.pc=0x0000028937aae520 relative=0x00000000000013e0
Event: 6460.662 Thread 0x0000028985db3070 Uncommon trap: reason=unstable_if action=reinterpret pc=0x0000028937aae520 method=org.eclipse.jdt.internal.compiler.codegen.ConstantPool.literalIndexForNameAndType([C[C)I @ 131 c2
Event: 6460.663 Thread 0x0000028985db3070 DEOPT PACKING pc=0x0000028937aae520 sp=0x000000e5a02fdde0
Event: 6460.663 Thread 0x0000028985db3070 DEOPT UNPACKING pc=0x0000028937303aa2 sp=0x000000e5a02fdda8 mode 2
Event: 44852.959 Thread 0x000002898ba0f6c0 Uncommon trap: trap_request=0xffffff45 fr.pc=0x00000289380f9a20 relative=0x0000000000000900
Event: 44853.058 Thread 0x000002898ba0f6c0 Uncommon trap: reason=unstable_if action=reinterpret pc=0x00000289380f9a20 method=org.eclipse.core.internal.jobs.JobManager.nextJob()Lorg/eclipse/core/runtime/jobs/Job; @ 78 c2
Event: 44853.112 Thread 0x000002898ba0f6c0 DEOPT PACKING pc=0x00000289380f9a20 sp=0x000000e5a1efee30
Event: 44853.112 Thread 0x000002898ba0f6c0 DEOPT UNPACKING pc=0x0000028937303aa2 sp=0x000000e5a1efed70 mode 2
Event: 44853.172 Thread 0x000002898b7ae250 Uncommon trap: trap_request=0xffffff45 fr.pc=0x00000289380f988c relative=0x000000000000076c
Event: 44853.172 Thread 0x000002898b7ae250 Uncommon trap: reason=unstable_if action=reinterpret pc=0x00000289380f988c method=org.eclipse.core.internal.jobs.JobManager.nextJob()Lorg/eclipse/core/runtime/jobs/Job; @ 78 c2
Event: 44853.172 Thread 0x000002898b7ae250 DEOPT PACKING pc=0x00000289380f988c sp=0x000000e5a23ff590
Event: 44853.172 Thread 0x000002898b7ae250 DEOPT UNPACKING pc=0x0000028937303aa2 sp=0x000000e5a23ff4d0 mode 2
Event: 44853.392 Thread 0x000002898b7ae250 Uncommon trap: trap_request=0xffffff45 fr.pc=0x0000028938b090cc relative=0x000000000000030c
Event: 44853.392 Thread 0x000002898b7ae250 Uncommon trap: reason=unstable_if action=reinterpret pc=0x0000028938b090cc method=org.eclipse.core.internal.jobs.JobManager.sleepHint()J @ 43 c2
Event: 44853.392 Thread 0x000002898b7ae250 DEOPT PACKING pc=0x0000028938b090cc sp=0x000000e5a23ff5c0
Event: 44853.392 Thread 0x000002898b7ae250 DEOPT UNPACKING pc=0x0000028937303aa2 sp=0x000000e5a23ff578 mode 2

Classes loaded (20 events):
Event: 4835.075 Loading class jdk/internal/module/IllegalAccessLogger
Event: 4835.075 Loading class jdk/internal/module/IllegalAccessLogger done
Event: 5490.561 Loading class jdk/internal/module/IllegalAccessLogger
Event: 5490.561 Loading class jdk/internal/module/IllegalAccessLogger done
Event: 5492.932 Loading class jdk/internal/module/IllegalAccessLogger
Event: 5492.932 Loading class jdk/internal/module/IllegalAccessLogger done
Event: 5850.463 Loading class jdk/internal/module/IllegalAccessLogger
Event: 5850.463 Loading class jdk/internal/module/IllegalAccessLogger done
Event: 5857.214 Loading class jdk/internal/module/IllegalAccessLogger
Event: 5857.214 Loading class jdk/internal/module/IllegalAccessLogger done
Event: 5918.023 Loading class jdk/internal/module/IllegalAccessLogger
Event: 5918.023 Loading class jdk/internal/module/IllegalAccessLogger done
Event: 5920.230 Loading class jdk/internal/module/IllegalAccessLogger
Event: 5920.230 Loading class jdk/internal/module/IllegalAccessLogger done
Event: 5923.217 Loading class jdk/internal/module/IllegalAccessLogger
Event: 5923.217 Loading class jdk/internal/module/IllegalAccessLogger done
Event: 6461.789 Loading class jdk/internal/module/IllegalAccessLogger
Event: 6461.789 Loading class jdk/internal/module/IllegalAccessLogger done
Event: 6463.448 Loading class jdk/internal/module/IllegalAccessLogger
Event: 6463.448 Loading class jdk/internal/module/IllegalAccessLogger done

Classes unloaded (20 events):
Event: 3539.148 Thread 0x000002894354e2c0 Unloading class 0x0000028945170c00 'java/lang/invoke/LambdaForm$MH+0x0000028945170c00'
Event: 3539.148 Thread 0x000002894354e2c0 Unloading class 0x0000028945170800 'java/lang/invoke/LambdaForm$MH+0x0000028945170800'
Event: 3539.148 Thread 0x000002894354e2c0 Unloading class 0x0000028945170000 'java/lang/invoke/LambdaForm$MH+0x0000028945170000'
Event: 3539.148 Thread 0x000002894354e2c0 Unloading class 0x0000028945019400 'java/lang/invoke/LambdaForm$MH+0x0000028945019400'
Event: 3539.148 Thread 0x000002894354e2c0 Unloading class 0x0000028945018400 'java/lang/invoke/LambdaForm$MH+0x0000028945018400'
Event: 3539.148 Thread 0x000002894354e2c0 Unloading class 0x0000028945018000 'java/lang/invoke/LambdaForm$MH+0x0000028945018000'
Event: 3539.148 Thread 0x000002894354e2c0 Unloading class 0x0000028945017400 'java/lang/invoke/LambdaForm$MH+0x0000028945017400'
Event: 3539.148 Thread 0x000002894354e2c0 Unloading class 0x0000028945016400 'java/lang/invoke/LambdaForm$MH+0x0000028945016400'
Event: 3790.678 Thread 0x000002894354e2c0 Unloading class 0x0000028945a7c000 'java/lang/invoke/LambdaForm$MH+0x0000028945a7c000'
Event: 3790.678 Thread 0x000002894354e2c0 Unloading class 0x0000028945924c00 'java/lang/invoke/LambdaForm$MH+0x0000028945924c00'
Event: 3790.678 Thread 0x000002894354e2c0 Unloading class 0x0000028945924800 'java/lang/invoke/LambdaForm$MH+0x0000028945924800'
Event: 3790.678 Thread 0x000002894354e2c0 Unloading class 0x0000028945924400 'java/lang/invoke/LambdaForm$MH+0x0000028945924400'
Event: 3790.678 Thread 0x000002894354e2c0 Unloading class 0x0000028945215400 'java/lang/invoke/LambdaForm$BMH+0x0000028945215400'
Event: 3790.678 Thread 0x000002894354e2c0 Unloading class 0x0000028945082400 'java/lang/invoke/LambdaForm$MH+0x0000028945082400'
Event: 3790.678 Thread 0x000002894354e2c0 Unloading class 0x0000028945081c00 'java/lang/invoke/LambdaForm$MH+0x0000028945081c00'
Event: 3790.678 Thread 0x000002894354e2c0 Unloading class 0x0000028945081400 'java/lang/invoke/LambdaForm$MH+0x0000028945081400'
Event: 3790.678 Thread 0x000002894354e2c0 Unloading class 0x0000028945081000 'java/lang/invoke/LambdaForm$MH+0x0000028945081000'
Event: 3790.678 Thread 0x000002894354e2c0 Unloading class 0x0000028945080800 'java/lang/invoke/LambdaForm$MH+0x0000028945080800'
Event: 3790.678 Thread 0x000002894354e2c0 Unloading class 0x0000028945001800 'java/lang/invoke/LambdaForm$MH+0x0000028945001800'
Event: 3790.678 Thread 0x000002894354e2c0 Unloading class 0x0000028945000400 'java/lang/invoke/LambdaForm$MH+0x0000028945000400'

Classes redefined (0 events):
No events

Internal exceptions (20 events):
Event: 5854.418 Thread 0x000002898ba0ae90 Exception <a 'java/lang/ArrayIndexOutOfBoundsException'{0x00000000d5738990}: Index 783 out of bounds for length 783> (0x00000000d5738990) 
thrown [s\src\hotspot\share\interpreter\interpreterRuntime.cpp, line 439]
Event: 5854.418 Thread 0x000002898ba0ae90 Exception <a 'java/lang/ArrayIndexOutOfBoundsException'{0x00000000d5738d18}: Index 784 out of bounds for length 783> (0x00000000d5738d18) 
thrown [s\src\hotspot\share\interpreter\interpreterRuntime.cpp, line 439]
Event: 5856.944 Thread 0x0000028985db2350 Exception <a 'sun/nio/fs/WindowsException'{0x00000000d57a7e50}> (0x00000000d57a7e50) 
thrown [s\src\hotspot\share\prims\jni.cpp, line 520]
Event: 5857.551 Thread 0x0000028985db2350 Exception <a 'sun/nio/fs/WindowsException'{0x00000000d570e240}> (0x00000000d570e240) 
thrown [s\src\hotspot\share\prims\jni.cpp, line 520]
Event: 5909.477 Thread 0x000002898ba08dc0 Implicit null exception at 0x0000028938c5a691 to 0x0000028938c5a910
Event: 5909.483 Thread 0x000002898ba08dc0 Implicit null exception at 0x0000028938487346 to 0x0000028938487ae0
Event: 5917.768 Thread 0x000002898ba0ae90 Implicit null exception at 0x00000289388841e5 to 0x0000028938889b20
Event: 5917.825 Thread 0x0000028985db2350 Exception <a 'sun/nio/fs/WindowsException'{0x00000000d55da010}> (0x00000000d55da010) 
thrown [s\src\hotspot\share\prims\jni.cpp, line 520]
Event: 5918.453 Thread 0x0000028985db2350 Exception <a 'sun/nio/fs/WindowsException'{0x00000000d563cca0}> (0x00000000d563cca0) 
thrown [s\src\hotspot\share\prims\jni.cpp, line 520]
Event: 5918.469 Thread 0x000002898b7ae250 Implicit null exception at 0x000002893790d312 to 0x000002893790d514
Event: 5920.065 Thread 0x0000028985db2350 Exception <a 'sun/nio/fs/WindowsException'{0x00000000d5731f68}> (0x00000000d5731f68) 
thrown [s\src\hotspot\share\prims\jni.cpp, line 520]
Event: 5920.616 Thread 0x0000028985db2350 Exception <a 'sun/nio/fs/WindowsException'{0x00000000d563ca50}> (0x00000000d563ca50) 
thrown [s\src\hotspot\share\prims\jni.cpp, line 520]
Event: 5923.051 Thread 0x0000028985db2350 Exception <a 'sun/nio/fs/WindowsException'{0x00000000d560e6f0}> (0x00000000d560e6f0) 
thrown [s\src\hotspot\share\prims\jni.cpp, line 520]
Event: 5923.587 Thread 0x0000028985db2350 Exception <a 'sun/nio/fs/WindowsException'{0x00000000d594b368}> (0x00000000d594b368) 
thrown [s\src\hotspot\share\prims\jni.cpp, line 520]
Event: 6150.264 Thread 0x000002898ba0f6c0 Exception <a 'sun/nio/fs/WindowsException'{0x00000000d59fa4c0}> (0x00000000d59fa4c0) 
thrown [s\src\hotspot\share\prims\jni.cpp, line 520]
Event: 6150.264 Thread 0x000002898ba0f6c0 Exception <a 'sun/nio/fs/WindowsException'{0x00000000d59fafa8}> (0x00000000d59fafa8) 
thrown [s\src\hotspot\share\prims\jni.cpp, line 520]
Event: 6461.586 Thread 0x0000028985db2350 Exception <a 'sun/nio/fs/WindowsException'{0x00000000d56f4d90}> (0x00000000d56f4d90) 
thrown [s\src\hotspot\share\prims\jni.cpp, line 520]
Event: 6462.227 Thread 0x0000028985db2350 Exception <a 'sun/nio/fs/WindowsException'{0x00000000d55894d0}> (0x00000000d55894d0) 
thrown [s\src\hotspot\share\prims\jni.cpp, line 520]
Event: 44853.867 Thread 0x000002898ba0f6c0 Exception <a 'sun/nio/fs/WindowsException'{0x00000000d5583508}> (0x00000000d5583508) 
thrown [s\src\hotspot\share\prims\jni.cpp, line 520]
Event: 44853.867 Thread 0x000002898ba0f6c0 Exception <a 'sun/nio/fs/WindowsException'{0x00000000d5583ff0}> (0x00000000d5583ff0) 
thrown [s\src\hotspot\share\prims\jni.cpp, line 520]

ZGC Phase Switch (0 events):
No events

VM Operations (20 events):
Event: 47917.719 Executing VM operation: HandshakeAllThreads (HandshakeForDeflation)
Event: 47917.719 Executing VM operation: HandshakeAllThreads (HandshakeForDeflation) done
Event: 47917.719 Executing VM operation: RendezvousGCThreads
Event: 47917.719 Executing VM operation: RendezvousGCThreads done
Event: 47977.893 Executing VM operation: HandshakeAllThreads (HandshakeForDeflation)
Event: 47977.893 Executing VM operation: HandshakeAllThreads (HandshakeForDeflation) done
Event: 47977.893 Executing VM operation: RendezvousGCThreads
Event: 47977.893 Executing VM operation: RendezvousGCThreads done
Event: 48098.167 Executing VM operation: HandshakeAllThreads (HandshakeForDeflation)
Event: 48098.167 Executing VM operation: HandshakeAllThreads (HandshakeForDeflation) done
Event: 48098.167 Executing VM operation: RendezvousGCThreads
Event: 48098.167 Executing VM operation: RendezvousGCThreads done
Event: 48158.391 Executing VM operation: HandshakeAllThreads (HandshakeForDeflation)
Event: 48158.391 Executing VM operation: HandshakeAllThreads (HandshakeForDeflation) done
Event: 48158.391 Executing VM operation: RendezvousGCThreads
Event: 48158.391 Executing VM operation: RendezvousGCThreads done
Event: 48278.596 Executing VM operation: HandshakeAllThreads (HandshakeForDeflation)
Event: 48278.597 Executing VM operation: HandshakeAllThreads (HandshakeForDeflation) done
Event: 48278.597 Executing VM operation: RendezvousGCThreads
Event: 48278.597 Executing VM operation: RendezvousGCThreads done

Memory protections (0 events):
No events

Nmethod flushes (20 events):
Event: 4331.486 Thread 0x000002894354e2c0 flushing  nmethod 0x0000028932670e90
Event: 4331.486 Thread 0x000002894354e2c0 flushing  nmethod 0x0000028932677390
Event: 4331.486 Thread 0x000002894354e2c0 flushing  nmethod 0x0000028932678810
Event: 4331.486 Thread 0x000002894354e2c0 flushing  nmethod 0x00000289326c7490
Event: 4331.486 Thread 0x000002894354e2c0 flushing  nmethod 0x00000289326c9790
Event: 4331.486 Thread 0x000002894354e2c0 flushing  nmethod 0x0000028932796b10
Event: 4331.486 Thread 0x000002894354e2c0 flushing  nmethod 0x00000289327ecf90
Event: 4331.486 Thread 0x000002894354e2c0 flushing  nmethod 0x00000289327ee190
Event: 4331.486 Thread 0x000002894354e2c0 flushing  nmethod 0x0000028932849f90
Event: 4331.486 Thread 0x000002894354e2c0 flushing  nmethod 0x000002893284b290
Event: 4331.486 Thread 0x000002894354e2c0 flushing  nmethod 0x00000289328c3f10
Event: 4331.486 Thread 0x000002894354e2c0 flushing  nmethod 0x0000028932929a10
Event: 4331.486 Thread 0x000002894354e2c0 flushing  nmethod 0x000002893292bb10
Event: 4331.486 Thread 0x000002894354e2c0 flushing  nmethod 0x00000289329d0390
Event: 4331.486 Thread 0x000002894354e2c0 flushing  nmethod 0x00000289329e2010
Event: 4331.487 Thread 0x000002894354e2c0 flushing  nmethod 0x00000289329ed010
Event: 4331.487 Thread 0x000002894354e2c0 flushing  nmethod 0x0000028932a0d190
Event: 4331.487 Thread 0x000002894354e2c0 flushing  nmethod 0x0000028932a1b810
Event: 4331.487 Thread 0x000002894354e2c0 flushing  nmethod 0x0000028932a31f90
Event: 4331.487 Thread 0x000002894354e2c0 flushing  nmethod 0x0000028932a44810

Events (20 events):
Event: 6451.137 Thread 0x000002898ba0ae90 Thread added: 0x0000028985db3070
Event: 6451.138 Thread 0x000002898ba0ae90 Thread added: 0x0000028985db3d90
Event: 6451.140 Thread 0x0000028985db3070 Thread added: 0x0000028985db4ab0
Event: 6461.643 Thread 0x000002898ba0f6c0 Thread added: 0x000002898a3e2aa0
Event: 6461.687 Thread 0x000002898ba0f6c0 Thread added: 0x000002898a3e44e0
Event: 6461.790 Thread 0x000002898ba0f6c0 Thread added: 0x000002898a3e2410
Event: 6463.410 Thread 0x000002898ba0f6c0 Thread added: 0x000002898a3ddbe0
Event: 6522.863 Thread 0x0000028985db3d90 Thread exited: 0x0000028985db3d90
Event: 6523.395 Thread 0x000002898a3e2aa0 Thread exited: 0x000002898a3e2aa0
Event: 6523.459 Thread 0x000002898a3e2410 Thread exited: 0x000002898a3e2410
Event: 6582.866 Thread 0x0000028985db4ab0 Thread exited: 0x0000028985db4ab0
Event: 6642.872 Thread 0x0000028985db3070 Thread exited: 0x0000028985db3070
Event: 44853.657 Thread 0x000002898ba0f6c0 Thread added: 0x000002898a3e2410
Event: 44853.682 Thread 0x000002898a3e2410 Thread exited: 0x000002898a3e2410
Event: 44853.868 Thread 0x000002898ba0f6c0 Thread added: 0x000002898a3de270
Event: 44853.899 Thread 0x000002898a3de270 Thread exited: 0x000002898a3de270
Event: 44854.176 Thread 0x000002898ba0f6c0 Thread added: 0x000002898a3de270
Event: 44894.149 Thread 0x000002898a3e44e0 Thread exited: 0x000002898a3e44e0
Event: 44895.894 Thread 0x000002898a3ddbe0 Thread exited: 0x000002898a3ddbe0
Event: 44915.058 Thread 0x000002898b7ae250 Thread exited: 0x000002898b7ae250


Dynamic libraries:
0x00007ff79c6a0000 - 0x00007ff79c6ae000 	c:\Users\KHIRI\.vscode\extensions\redhat.java-1.51.0-win32-x64\jre\21.0.9-win32-x86_64\bin\java.exe
0x00007ff82b3f0000 - 0x00007ff82b5e8000 	C:\WINDOWS\SYSTEM32\ntdll.dll
0x00007ff82a490000 - 0x00007ff82a552000 	C:\WINDOWS\System32\KERNEL32.DLL
0x00007ff828b10000 - 0x00007ff828e06000 	C:\WINDOWS\System32\KERNELBASE.dll
0x00007ff828ec0000 - 0x00007ff828fc0000 	C:\WINDOWS\System32\ucrtbase.dll
0x00007fffbead0000 - 0x00007fffbeae8000 	c:\Users\KHIRI\.vscode\extensions\redhat.java-1.51.0-win32-x64\jre\21.0.9-win32-x86_64\bin\jli.dll
0x00007ff829fa0000 - 0x00007ff82a141000 	C:\WINDOWS\System32\USER32.dll
0x00007ff829160000 - 0x00007ff829182000 	C:\WINDOWS\System32\win32u.dll
0x00007ff829ec0000 - 0x00007ff829eeb000 	C:\WINDOWS\System32\GDI32.dll
0x00007ff829040000 - 0x00007ff829159000 	C:\WINDOWS\System32\gdi32full.dll
0x00007ff829370000 - 0x00007ff82940d000 	C:\WINDOWS\System32\msvcp_win.dll
0x00007fffbecb0000 - 0x00007fffbecce000 	c:\Users\KHIRI\.vscode\extensions\redhat.java-1.51.0-win32-x64\jre\21.0.9-win32-x86_64\bin\VCRUNTIME140.dll
0x00007ff817100000 - 0x00007ff81739b000 	C:\WINDOWS\WinSxS\amd64_microsoft.windows.common-controls_6595b64144ccf1df_6.0.19041.6456_none_60b8a6cb71f64256\COMCTL32.dll
0x00007ff82a1e0000 - 0x00007ff82a27e000 	C:\WINDOWS\System32\msvcrt.dll
0x00007ff82a150000 - 0x00007ff82a17f000 	C:\WINDOWS\System32\IMM32.DLL
0x00007ff80f570000 - 0x00007ff80f57c000 	c:\Users\KHIRI\.vscode\extensions\redhat.java-1.51.0-win32-x64\jre\21.0.9-win32-x86_64\bin\vcruntime140_1.dll
0x00007fffafe00000 - 0x00007fffafe8d000 	c:\Users\KHIRI\.vscode\extensions\redhat.java-1.51.0-win32-x64\jre\21.0.9-win32-x86_64\bin\msvcp140.dll
0x00007fffa7790000 - 0x00007fffa8530000 	c:\Users\KHIRI\.vscode\extensions\redhat.java-1.51.0-win32-x64\jre\21.0.9-win32-x86_64\bin\server\jvm.dll
0x00007ff82b130000 - 0x00007ff82b1e1000 	C:\WINDOWS\System32\ADVAPI32.dll
0x00007ff82a3f0000 - 0x00007ff82a48f000 	C:\WINDOWS\System32\sechost.dll
0x00007ff82b1f0000 - 0x00007ff82b310000 	C:\WINDOWS\System32\RPCRT4.dll
0x00007ff8291e0000 - 0x00007ff829207000 	C:\WINDOWS\System32\bcrypt.dll
0x00007ff82a610000 - 0x00007ff82a67b000 	C:\WINDOWS\System32\WS2_32.dll
0x00007ff827fd0000 - 0x00007ff82801b000 	C:\WINDOWS\SYSTEM32\POWRPROF.dll
0x00007ff818c20000 - 0x00007ff818c47000 	C:\WINDOWS\SYSTEM32\WINMM.dll
0x00007ff81dc40000 - 0x00007ff81dc4a000 	C:\WINDOWS\SYSTEM32\VERSION.dll
0x00007ff827e40000 - 0x00007ff827e52000 	C:\WINDOWS\SYSTEM32\UMPDC.dll
0x00007ff8268b0000 - 0x00007ff8268c2000 	C:\WINDOWS\SYSTEM32\kernel.appcore.dll
0x00007ff80bc80000 - 0x00007ff80bc8a000 	c:\Users\KHIRI\.vscode\extensions\redhat.java-1.51.0-win32-x64\jre\21.0.9-win32-x86_64\bin\jimage.dll
0x00007ff818050000 - 0x00007ff818251000 	C:\WINDOWS\SYSTEM32\DBGHELP.DLL
0x00007ff817b70000 - 0x00007ff817ba4000 	C:\WINDOWS\SYSTEM32\dbgcore.DLL
0x00007ff828a80000 - 0x00007ff828b02000 	C:\WINDOWS\System32\bcryptPrimitives.dll
0x00007ff800000000 - 0x00007ff80000f000 	c:\Users\KHIRI\.vscode\extensions\redhat.java-1.51.0-win32-x64\jre\21.0.9-win32-x86_64\bin\instrument.dll
0x00007fffe0e90000 - 0x00007fffe0eb0000 	c:\Users\KHIRI\.vscode\extensions\redhat.java-1.51.0-win32-x64\jre\21.0.9-win32-x86_64\bin\java.dll
0x00007ff829410000 - 0x00007ff829b80000 	C:\WINDOWS\System32\SHELL32.dll
0x00007ff826ab0000 - 0x00007ff827255000 	C:\WINDOWS\SYSTEM32\windows.storage.dll
0x00007ff82a800000 - 0x00007ff82ab54000 	C:\WINDOWS\System32\combase.dll
0x00007ff8283d0000 - 0x00007ff8283fb000 	C:\WINDOWS\SYSTEM32\Wldp.dll
0x00007ff82b060000 - 0x00007ff82b12d000 	C:\WINDOWS\System32\OLEAUT32.dll
0x00007ff82a560000 - 0x00007ff82a60d000 	C:\WINDOWS\System32\SHCORE.dll
0x00007ff82b000000 - 0x00007ff82b05b000 	C:\WINDOWS\System32\shlwapi.dll
0x00007ff8289b0000 - 0x00007ff8289d4000 	C:\WINDOWS\SYSTEM32\profapi.dll
0x00007fffbe750000 - 0x00007fffbe768000 	c:\Users\KHIRI\.vscode\extensions\redhat.java-1.51.0-win32-x64\jre\21.0.9-win32-x86_64\bin\zip.dll
0x00007fffeccd0000 - 0x00007fffecce0000 	C:\Users\KHIRI\.vscode\extensions\redhat.java-1.51.0-win32-x64\jre\21.0.9-win32-x86_64\bin\net.dll
0x00007ff8234d0000 - 0x00007ff8235da000 	C:\WINDOWS\SYSTEM32\WINHTTP.dll
0x00007ff8281b0000 - 0x00007ff82821a000 	C:\WINDOWS\system32\mswsock.dll
0x00007fffbbab0000 - 0x00007fffbbac6000 	C:\Users\KHIRI\.vscode\extensions\redhat.java-1.51.0-win32-x64\jre\21.0.9-win32-x86_64\bin\nio.dll
0x00007fffe7e60000 - 0x00007fffe7e70000 	c:\Users\KHIRI\.vscode\extensions\redhat.java-1.51.0-win32-x64\jre\21.0.9-win32-x86_64\bin\verify.dll
0x00007fffe7540000 - 0x00007fffe7584000 	C:\Users\KHIRI\AppData\Roaming\Code\User\globalStorage\redhat.java\1.51.0\config_win\org.eclipse.equinox.launcher\org.eclipse.equinox.launcher.win32.win32.x86_64_1.2.1400.v20250801-0854\eclipse_11916.dll
0x00007ff829b80000 - 0x00007ff829cab000 	C:\WINDOWS\System32\ole32.dll
0x00007ff828720000 - 0x00007ff828738000 	C:\WINDOWS\SYSTEM32\CRYPTSP.dll
0x00007ff827a80000 - 0x00007ff827ab8000 	C:\WINDOWS\system32\rsaenh.dll
0x00007ff828930000 - 0x00007ff82895e000 	C:\WINDOWS\SYSTEM32\USERENV.dll
0x00007ff828340000 - 0x00007ff82834c000 	C:\WINDOWS\SYSTEM32\CRYPTBASE.dll
0x00007ff827e60000 - 0x00007ff827e9b000 	C:\WINDOWS\SYSTEM32\IPHLPAPI.DLL
0x00007ff82ab70000 - 0x00007ff82ab78000 	C:\WINDOWS\System32\NSI.dll
0x00007fffe75b0000 - 0x00007fffe75f9000 	C:\Users\KHIRI\AppData\Local\Temp\jna-71481795\jna13822707365197542658.dll
0x00007ff82ab80000 - 0x00007ff82ab88000 	C:\WINDOWS\System32\PSAPI.DLL
0x00007ff820c60000 - 0x00007ff820c77000 	C:\WINDOWS\SYSTEM32\dhcpcsvc6.DLL
0x00007ff81dc20000 - 0x00007ff81dc3d000 	C:\WINDOWS\SYSTEM32\dhcpcsvc.DLL
0x00007ff825530000 - 0x00007ff82553e000 	C:\Users\KHIRI\.vscode\extensions\redhat.java-1.51.0-win32-x64\jre\21.0.9-win32-x86_64\bin\sunmscapi.dll
0x00007ff829210000 - 0x00007ff82936d000 	C:\WINDOWS\System32\CRYPT32.dll
0x00007ff828440000 - 0x00007ff828467000 	C:\WINDOWS\SYSTEM32\ncrypt.dll
0x00007ff828400000 - 0x00007ff82843b000 	C:\WINDOWS\SYSTEM32\NTASN1.dll
0x00007ff80f550000 - 0x00007ff80f557000 	C:\WINDOWS\system32\wshunix.dll
0x00007ff825520000 - 0x00007ff825529000 	C:\Users\KHIRI\.vscode\extensions\redhat.java-1.51.0-win32-x64\jre\21.0.9-win32-x86_64\bin\extnet.dll
0x00007ff827ea0000 - 0x00007ff827f6a000 	C:\WINDOWS\SYSTEM32\DNSAPI.dll
0x00007ff81fae0000 - 0x00007ff81faea000 	C:\Windows\System32\rasadhlp.dll
0x00007ff821850000 - 0x00007ff8218d0000 	C:\WINDOWS\System32\fwpuclnt.dll
0x00007ff823960000 - 0x00007ff82396a000 	C:\Users\KHIRI\.vscode\extensions\redhat.java-1.51.0-win32-x64\jre\21.0.9-win32-x86_64\bin\management.dll
0x00007ff823750000 - 0x00007ff82375c000 	C:\Users\KHIRI\.vscode\extensions\redhat.java-1.51.0-win32-x64\jre\21.0.9-win32-x86_64\bin\management_ext.dll

JVMTI agents:
c:\Users\KHIRI\.vscode\extensions\redhat.java-1.51.0-win32-x64\lombok\lombok-1.18.39-4050.jar path:c:\Users\KHIRI\.vscode\extensions\redhat.java-1.51.0-win32-x64\jre\21.0.9-win32-x86_64\bin\instrument.dll, loaded, initialized, instrumentlib options:none

dbghelp: loaded successfully - version: 4.0.5 - missing functions: none
symbol engine: initialized successfully - sym options: 0x614 - pdb path: .;c:\Users\KHIRI\.vscode\extensions\redhat.java-1.51.0-win32-x64\jre\21.0.9-win32-x86_64\bin;C:\WINDOWS\SYSTEM32;C:\WINDOWS\WinSxS\amd64_microsoft.windows.common-controls_6595b64144ccf1df_6.0.19041.6456_none_60b8a6cb71f64256;c:\Users\KHIRI\.vscode\extensions\redhat.java-1.51.0-win32-x64\jre\21.0.9-win32-x86_64\bin\server;C:\Users\KHIRI\AppData\Roaming\Code\User\globalStorage\redhat.java\1.51.0\config_win\org.eclipse.equinox.launcher\org.eclipse.equinox.launcher.win32.win32.x86_64_1.2.1400.v20250801-0854;C:\Users\KHIRI\AppData\Local\Temp\jna-71481795

VM Arguments:
jvm_args: --add-modules=ALL-SYSTEM --add-opens=java.base/java.util=ALL-UNNAMED --add-opens=java.base/java.lang=ALL-UNNAMED --add-opens=java.base/sun.nio.fs=ALL-UNNAMED -Declipse.application=org.eclipse.jdt.ls.core.id1 -Dosgi.bundles.defaultStartLevel=4 -Declipse.product=org.eclipse.jdt.ls.core.product -Djava.import.generatesMetadataFilesAtProjectRoot=false -DDetectVMInstallationsJob.disabled=true -Dfile.encoding=utf8 -XX:+UseParallelGC -XX:GCTimeRatio=4 -XX:AdaptiveSizePolicyWeight=90 -Dsun.zip.disableMemoryMapping=true -Xmx2G -Xms100m -Xlog:disable -javaagent:c:\Users\KHIRI\.vscode\extensions\redhat.java-1.51.0-win32-x64\lombok\lombok-1.18.39-4050.jar -XX:+HeapDumpOnOutOfMemoryError -XX:HeapDumpPath=c:\Users\KHIRI\AppData\Roaming\Code\User\workspaceStorage\f4c4d2ce2ba728a5ae55cd6b2c7ee574\redhat.java -Daether.dependencyCollector.impl=bf 
java_command: c:\Users\KHIRI\.vscode\extensions\redhat.java-1.51.0-win32-x64\server\plugins\org.eclipse.equinox.launcher_1.7.100.v20251111-0406.jar -configuration c:\Users\KHIRI\AppData\Roaming\Code\User\globalStorage\redhat.java\1.51.0\config_win -data c:\Users\KHIRI\AppData\Roaming\Code\User\workspaceStorage\f4c4d2ce2ba728a5ae55cd6b2c7ee574\redhat.java\jdt_ws --pipe=\\.\pipe\lsp-b7810bc3de1b1a4bdad61694b5867ede-sock
java_class_path (initial): c:\Users\KHIRI\.vscode\extensions\redhat.java-1.51.0-win32-x64\server\plugins\org.eclipse.equinox.launcher_1.7.100.v20251111-0406.jar
Launcher Type: SUN_STANDARD

[Global flags]
    uintx AdaptiveSizePolicyWeight                 = 90                                        {product} {command line}
     intx CICompilerCount                          = 3                                         {product} {ergonomic}
    uintx GCTimeRatio                              = 4                                         {product} {command line}
     bool HeapDumpOnOutOfMemoryError               = true                                   {manageable} {command line}
    ccstr HeapDumpPath                             = c:\Users\KHIRI\AppData\Roaming\Code\User\workspaceStorage\f4c4d2ce2ba728a5ae55cd6b2c7ee574\redhat.java         {manageable} {command line}
   size_t InitialHeapSize                          = 104857600                                 {product} {command line}
   size_t MaxHeapSize                              = 2147483648                                {product} {command line}
   size_t MaxNewSize                               = 715653120                                 {product} {ergonomic}
   size_t MinHeapDeltaBytes                        = 524288                                    {product} {ergonomic}
   size_t MinHeapSize                              = 104857600                                 {product} {command line}
   size_t NewSize                                  = 34603008                                  {product} {ergonomic}
    uintx NonNMethodCodeHeapSize                   = 5832780                                {pd product} {ergonomic}
    uintx NonProfiledCodeHeapSize                  = 122912730                              {pd product} {ergonomic}
   size_t OldSize                                  = 70254592                                  {product} {ergonomic}
    uintx ProfiledCodeHeapSize                     = 122912730                              {pd product} {ergonomic}
    uintx ReservedCodeCacheSize                    = 251658240                              {pd product} {ergonomic}
     bool SegmentedCodeCache                       = true                                      {product} {ergonomic}
   size_t SoftMaxHeapSize                          = 2147483648                             {manageable} {ergonomic}
     bool UseCompressedOops                        = true                           {product lp64_product} {ergonomic}
     bool UseLargePagesIndividualAllocation        = false                                  {pd product} {ergonomic}
     bool UseParallelGC                            = true                                      {product} {command line}

Logging:
Log output configuration:
 #0: stdout all=off uptime,level,tags foldmultilines=false
 #1: stderr all=off uptime,level,tags foldmultilines=false

Release file:
JAVA_VERSION="21.0.9" 
MODULES="java.base java.compiler java.datatransfer java.xml java.prefs java.desktop java.instrument java.logging java.management java.security.sasl java.naming java.rmi java.management.rmi java.net.http java.scripting java.security.jgss java.transaction.xa java.sql java.sql.rowset java.xml.crypto java.se java.smartcardio jdk.accessibility jdk.internal.jvmstat jdk.attach jdk.charsets jdk.internal.opt jdk.zipfs jdk.compiler jdk.crypto.ec jdk.crypto.cryptoki jdk.crypto.mscapi jdk.dynalink jdk.internal.ed jdk.editpad jdk.hotspot.agent jdk.httpserver jdk.internal.le jdk.internal.vm.ci jdk.internal.vm.compiler jdk.internal.vm.compiler.management jdk.jartool jdk.javadoc jdk.jcmd jdk.management jdk.management.agent jdk.jconsole jdk.jdeps jdk.jdwp.agent jdk.jdi jdk.jfr jdk.jshell jdk.jsobject jdk.jstatd jdk.localedata jdk.management.jfr jdk.naming.dns jdk.naming.rmi jdk.net jdk.nio.mapmode jdk.random jdk.sctp jdk.security.auth jdk.security.jgss jdk.unsupported jdk.unsupported.desktop jdk.xml.dom" 

Environment Variables:
PATH=C:\Program Files\Common Files\Oracle\Java\javapath;C:\WINDOWS\system32;C:\WINDOWS;C:\WINDOWS\System32\Wbem;C:\WINDOWS\System32\WindowsPowerShell\v1.0\;C:\WINDOWS\System32\OpenSSH\;C:\Program Files (x86)\Microsoft SQL Server\160\Tools\Binn\;C:\Program Files\Microsoft SQL Server\160\Tools\Binn\;C:\Program Files\Microsoft SQL Server\Client SDK\ODBC\170\Tools\Binn\;C:\Program Files\Microsoft SQL Server\160\DTS\Binn\;C:\Program Files\Azure Data Studio\bin;C:\Program Files\dotnet\;C:\Program Files\Git\cmd;C:\Program Files\Go\bin;C:\Program Files\Docker\Docker\resources\bin;C:\Program Files\nodejs\;C:\Program Files\Java\jdk-24\bin;C:\Program Files\MySQL\MySQL Server 8.0\bin;C:\Program Files\MongoDB\Server\8.2\bin;C:\Users\KHIRI\Downloads\mongosh-2.6.0-win32-x64\bin;C:\Users\KHIRI\AppData\Local\Microsoft\WindowsApps;C:\Program Files\Azure Data Studio\bin;C:\Users\KHIRI\.dotnet\tools;C:\Users\KHIRI\go\bin;C:\Users\KHIRI\AppData\Local\Programs\Microsoft VS Code\bin;C:\MinGW\bin;C:\Users\KHIRI\AppData\Roaming\npm;C:\Program Files\MySQL\MySQL Server 8.0\bin;C:\Users\KHIRI\AppData\Local\Python\bin;C:\Program Files (x86)\Nmap
USERNAME=KHIRI
OS=Windows_NT
PROCESSOR_IDENTIFIER=Intel64 Family 6 Model 69 Stepping 1, GenuineIntel
TMP=C:\Users\KHIRI\AppData\Local\Temp
TEMP=C:\Users\KHIRI\AppData\Local\Temp




Periodic native trim disabled

---------------  S Y S T E M  ---------------

OS:
 Windows 10 , 64 bit Build 19041 (10.0.19041.5915)
OS uptime: 0 days 13:28 hours
Hyper-V role detected

CPU: total 4 (initial active 4) (2 cores per cpu, 2 threads per core) family 6 model 69 stepping 1 microcode 0x25, cx8, cmov, fxsr, ht, mmx, sse, sse2, sse3, ssse3, sse4.1, sse4.2, popcnt, lzcnt, tsc, tscinvbit, avx, avx2, aes, erms, clmul, bmi1, bmi2, fma, vzeroupper, clflush, hv, rdtscp, f16c
Processor Information for the first 4 processors :
  Max Mhz: 2601, Current Mhz: 2000, Mhz Limit: 1976

Memory: 4k page, system-wide physical 8101M (266M free)
TotalPageFile size 15980M (AvailPageFile size 1M)
current process WorkingSet (physical memory assigned to process): 16M, peak: 1685M
current process commit charge ("private bytes"): 1674M, peak: 1772M

vm_info: OpenJDK 64-Bit Server VM (21.0.9+10-LTS) for windows-amd64 JRE (21.0.9+10-LTS), built on 2025-10-21T00:00:00Z by "admin" with unknown MS VC++:1942

END.
